::1 - - [05/Mar/2019:07:48:15 -0700] "GET / HTTP/1.1" 200 809
::1 - - [05/Mar/2019:07:48:15 -0700] "GET /css/styles.css HTTP/1.1" 200 53
::1 - - [05/Mar/2019:07:48:15 -0700] "GET /js/scripts.js HTTP/1.1" 200 1178
::1 - - [05/Mar/2019:07:48:15 -0700] "GET /js/three.min.js HTTP/1.1" 200 562536
::1 - - [05/Mar/2019:07:49:28 -0700] "GET / HTTP/1.1" 304 -
::1 - - [05/Mar/2019:07:49:28 -0700] "GET /css/styles.css HTTP/1.1" 304 -
::1 - - [05/Mar/2019:07:49:28 -0700] "GET /js/scripts.js HTTP/1.1" 200 1256
::1 - - [05/Mar/2019:08:00:13 -0700] "GET / HTTP/1.1" 304 -
::1 - - [05/Mar/2019:08:00:13 -0700] "GET /js/scripts.js HTTP/1.1" 200 1383
::1 - - [05/Mar/2019:08:00:13 -0700] "GET /css/styles.css HTTP/1.1" 304 -
::1 - - [05/Mar/2019:08:03:13 -0700] "GET / HTTP/1.1" 304 -
::1 - - [05/Mar/2019:08:03:13 -0700] "GET /css/styles.css HTTP/1.1" 304 -
::1 - - [05/Mar/2019:08:03:13 -0700] "GET /js/scripts.js HTTP/1.1" 200 1393
::1 - - [05/Mar/2019:08:04:19 -0700] "GET / HTTP/1.1" 304 -
::1 - - [05/Mar/2019:08:04:19 -0700] "GET /js/scripts.js HTTP/1.1" 200 1408
::1 - - [05/Mar/2019:08:05:16 -0700] "GET / HTTP/1.1" 304 -
::1 - - [05/Mar/2019:08:05:16 -0700] "GET /css/styles.css HTTP/1.1" 304 -
::1 - - [05/Mar/2019:08:05:16 -0700] "GET /js/scripts.js HTTP/1.1" 200 1415
::1 - - [05/Mar/2019:08:12:24 -0700] "GET / HTTP/1.1" 304 -
::1 - - [05/Mar/2019:08:12:24 -0700] "GET /css/styles.css HTTP/1.1" 304 -
::1 - - [05/Mar/2019:08:12:24 -0700] "GET /js/scripts.js HTTP/1.1" 200 1955
::1 - - [05/Mar/2019:08:13:18 -0700] "GET / HTTP/1.1" 304 -
::1 - - [05/Mar/2019:08:13:18 -0700] "GET /js/scripts.js HTTP/1.1" 200 2037
::1 - - [05/Mar/2019:08:17:05 -0700] "GET / HTTP/1.1" 304 -
::1 - - [05/Mar/2019:08:17:05 -0700] "GET /css/styles.css HTTP/1.1" 304 -
::1 - - [05/Mar/2019:08:17:05 -0700] "GET /js/scripts.js HTTP/1.1" 200 2293
::1 - - [05/Mar/2019:08:21:22 -0700] "GET / HTTP/1.1" 304 -
::1 - - [05/Mar/2019:08:21:22 -0700] "GET /css/styles.css HTTP/1.1" 304 -
::1 - - [05/Mar/2019:08:21:22 -0700] "GET /js/scripts.js HTTP/1.1" 200 2418
::1 - - [05/Mar/2019:08:21:44 -0700] "GET / HTTP/1.1" 304 -
::1 - - [05/Mar/2019:08:21:44 -0700] "GET /js/scripts.js HTTP/1.1" 200 2420
::1 - - [05/Mar/2019:08:23:37 -0700] "GET / HTTP/1.1" 304 -
::1 - - [05/Mar/2019:08:23:37 -0700] "GET /js/scripts.js HTTP/1.1" 200 2512
::1 - - [05/Mar/2019:08:23:54 -0700] "GET / HTTP/1.1" 304 -
::1 - - [05/Mar/2019:08:23:54 -0700] "GET /js/scripts.js HTTP/1.1" 200 2535
::1 - - [05/Mar/2019:08:24:39 -0700] "GET / HTTP/1.1" 304 -
::1 - - [05/Mar/2019:08:24:39 -0700] "GET /js/scripts.js HTTP/1.1" 200 2548
::1 - - [05/Mar/2019:08:25:40 -0700] "GET / HTTP/1.1" 304 -
::1 - - [05/Mar/2019:08:25:40 -0700] "GET /css/styles.css HTTP/1.1" 304 -
::1 - - [05/Mar/2019:08:25:40 -0700] "GET /js/scripts.js HTTP/1.1" 200 2548
::1 - - [05/Mar/2019:08:26:21 -0700] "GET / HTTP/1.1" 304 -
::1 - - [05/Mar/2019:08:26:21 -0700] "GET /js/scripts.js HTTP/1.1" 200 2569
::1 - - [05/Mar/2019:08:26:59 -0700] "GET / HTTP/1.1" 304 -
::1 - - [05/Mar/2019:08:26:59 -0700] "GET /js/scripts.js HTTP/1.1" 200 2565
::1 - - [05/Mar/2019:08:31:55 -0700] "GET / HTTP/1.1" 304 -
::1 - - [05/Mar/2019:08:31:55 -0700] "GET /css/styles.css HTTP/1.1" 304 -
::1 - - [05/Mar/2019:08:31:55 -0700] "GET /js/scripts.js HTTP/1.1" 200 2943
::1 - - [05/Mar/2019:08:32:19 -0700] "GET / HTTP/1.1" 304 -
::1 - - [05/Mar/2019:08:32:19 -0700] "GET /js/scripts.js HTTP/1.1" 200 2873
::1 - - [05/Mar/2019:08:33:10 -0700] "GET / HTTP/1.1" 304 -
::1 - - [05/Mar/2019:08:33:10 -0700] "GET /js/scripts.js HTTP/1.1" 200 2874
::1 - - [05/Mar/2019:08:34:41 -0700] "GET / HTTP/1.1" 304 -
::1 - - [05/Mar/2019:08:34:41 -0700] "GET /js/scripts.js HTTP/1.1" 200 2804
::1 - - [05/Mar/2019:08:34:41 -0700] "GET /tiles.jpg HTTP/1.1" 200 252900
::1 - - [05/Mar/2019:08:35:10 -0700] "GET / HTTP/1.1" 304 -
::1 - - [05/Mar/2019:08:35:10 -0700] "GET /js/scripts.js HTTP/1.1" 200 2818
::1 - - [05/Mar/2019:08:35:10 -0700] "GET /tiles.jpg HTTP/1.1" 304 -
::1 - - [05/Mar/2019:08:36:01 -0700] "GET / HTTP/1.1" 200 809
::1 - - [05/Mar/2019:08:36:01 -0700] "GET /js/scripts.js HTTP/1.1" 200 2818
::1 - - [05/Mar/2019:08:36:01 -0700] "GET /tiles.jpg HTTP/1.1" 304 -
::1 - - [05/Mar/2019:08:36:04 -0700] "GET / HTTP/1.1" 304 -
::1 - - [05/Mar/2019:08:36:04 -0700] "GET /js/scripts.js HTTP/1.1" 304 -
::1 - - [05/Mar/2019:08:36:05 -0700] "GET / HTTP/1.1" 304 -
::1 - - [05/Mar/2019:08:36:05 -0700] "GET /js/scripts.js HTTP/1.1" 304 -
::1 - - [05/Mar/2019:08:36:11 -0700] "GET / HTTP/1.1" 304 -
::1 - - [05/Mar/2019:08:36:11 -0700] "GET /js/scripts.js HTTP/1.1" 304 -
::1 - - [05/Mar/2019:08:36:12 -0700] "GET / HTTP/1.1" 304 -
::1 - - [05/Mar/2019:08:36:12 -0700] "GET /js/scripts.js HTTP/1.1" 304 -
::1 - - [05/Mar/2019:08:36:12 -0700] "GET /tiles.jpg HTTP/1.1" 304 -
::1 - - [05/Mar/2019:08:43:30 -0700] "GET / HTTP/1.1" 304 -
::1 - - [05/Mar/2019:08:43:30 -0700] "GET /css/styles.css HTTP/1.1" 200 53
::1 - - [05/Mar/2019:08:43:30 -0700] "GET /js/scripts.js HTTP/1.1" 200 3071
::1 - - [05/Mar/2019:08:43:31 -0700] "GET /tiles.jpg HTTP/1.1" 304 -
::1 - - [05/Mar/2019:08:44:28 -0700] "GET / HTTP/1.1" 304 -
::1 - - [05/Mar/2019:08:44:28 -0700] "GET /css/styles.css HTTP/1.1" 304 -
::1 - - [05/Mar/2019:08:44:28 -0700] "GET /js/scripts.js HTTP/1.1" 200 3091
::1 - - [05/Mar/2019:08:44:28 -0700] "GET /tiles.jpg HTTP/1.1" 304 -
::1 - - [05/Mar/2019:08:53:15 -0700] "GET / HTTP/1.1" 304 -
::1 - - [05/Mar/2019:08:53:15 -0700] "GET /css/styles.css HTTP/1.1" 304 -
::1 - - [05/Mar/2019:08:53:15 -0700] "GET /js/scripts.js HTTP/1.1" 200 2339
::1 - - [05/Mar/2019:08:53:15 -0700] "GET /tiles.jpg HTTP/1.1" 304 -
::1 - - [05/Mar/2019:08:54:16 -0700] "GET / HTTP/1.1" 304 -
::1 - - [05/Mar/2019:08:54:16 -0700] "GET /js/scripts.js HTTP/1.1" 200 2372
::1 - - [05/Mar/2019:08:56:44 -0700] "GET / HTTP/1.1" 304 -
::1 - - [05/Mar/2019:08:56:44 -0700] "GET /css/styles.css HTTP/1.1" 304 -
::1 - - [05/Mar/2019:08:56:44 -0700] "GET /js/scripts.js HTTP/1.1" 200 2322
::1 - - [05/Mar/2019:08:57:10 -0700] "GET / HTTP/1.1" 304 -
::1 - - [05/Mar/2019:08:57:10 -0700] "GET /js/scripts.js HTTP/1.1" 200 2330
::1 - - [05/Mar/2019:08:57:55 -0700] "GET / HTTP/1.1" 304 -
::1 - - [05/Mar/2019:08:57:55 -0700] "GET /js/scripts.js HTTP/1.1" 200 2414
::1 - - [05/Mar/2019:08:57:55 -0700] "GET /tiles.jpg HTTP/1.1" 304 -
::1 - - [05/Mar/2019:09:00:15 -0700] "GET / HTTP/1.1" 304 -
::1 - - [05/Mar/2019:09:00:15 -0700] "GET /css/styles.css HTTP/1.1" 304 -
::1 - - [05/Mar/2019:09:00:15 -0700] "GET /js/scripts.js HTTP/1.1" 200 2442
::1 - - [05/Mar/2019:09:00:38 -0700] "GET / HTTP/1.1" 304 -
::1 - - [05/Mar/2019:09:00:38 -0700] "GET /js/scripts.js HTTP/1.1" 200 2442
::1 - - [05/Mar/2019:09:00:38 -0700] "GET /tiles.jpg HTTP/1.1" 304 -
::1 - - [05/Mar/2019:09:00:56 -0700] "GET / HTTP/1.1" 304 -
::1 - - [05/Mar/2019:09:00:56 -0700] "GET /js/scripts.js HTTP/1.1" 200 2383
::1 - - [05/Mar/2019:09:05:06 -0700] "GET / HTTP/1.1" 304 -
::1 - - [05/Mar/2019:09:05:06 -0700] "GET /css/styles.css HTTP/1.1" 304 -
::1 - - [05/Mar/2019:09:05:06 -0700] "GET /js/scripts.js HTTP/1.1" 200 2581
::1 - - [05/Mar/2019:09:05:34 -0700] "GET / HTTP/1.1" 304 -
::1 - - [05/Mar/2019:09:05:34 -0700] "GET /js/scripts.js HTTP/1.1" 200 2581
::1 - - [05/Mar/2019:09:05:43 -0700] "GET / HTTP/1.1" 304 -
::1 - - [05/Mar/2019:09:05:43 -0700] "GET /js/scripts.js HTTP/1.1" 200 2579
::1 - - [05/Mar/2019:09:05:43 -0700] "GET /tiles.jpg HTTP/1.1" 304 -
::1 - - [05/Mar/2019:09:07:04 -0700] "GET / HTTP/1.1" 304 -
::1 - - [05/Mar/2019:09:07:04 -0700] "GET /js/scripts.js HTTP/1.1" 200 2619
::1 - - [05/Mar/2019:09:15:39 -0700] "GET / HTTP/1.1" 304 -
::1 - - [05/Mar/2019:09:15:39 -0700] "GET /css/styles.css HTTP/1.1" 304 -
::1 - - [05/Mar/2019:09:15:39 -0700] "GET /js/scripts.js HTTP/1.1" 200 2633
::1 - - [05/Mar/2019:09:15:40 -0700] "GET /tiles.jpg HTTP/1.1" 304 -
::1 - - [05/Mar/2019:09:16:32 -0700] "GET / HTTP/1.1" 304 -
::1 - - [05/Mar/2019:09:16:32 -0700] "GET /js/scripts.js HTTP/1.1" 200 2663
::1 - - [05/Mar/2019:09:16:47 -0700] "GET / HTTP/1.1" 304 -
::1 - - [05/Mar/2019:09:16:47 -0700] "GET /js/scripts.js HTTP/1.1" 200 2665
::1 - - [05/Mar/2019:09:18:34 -0700] "GET / HTTP/1.1" 304 -
::1 - - [05/Mar/2019:09:18:34 -0700] "GET /js/scripts.js HTTP/1.1" 200 2670
::1 - - [05/Mar/2019:09:19:52 -0700] "GET / HTTP/1.1" 304 -
::1 - - [05/Mar/2019:09:19:52 -0700] "GET /css/styles.css HTTP/1.1" 304 -
::1 - - [05/Mar/2019:09:19:52 -0700] "GET /js/scripts.js HTTP/1.1" 200 2668
::1 - - [05/Mar/2019:09:19:53 -0700] "GET /tiles.jpg HTTP/1.1" 304 -
::1 - - [05/Mar/2019:09:23:14 -0700] "GET / HTTP/1.1" 304 -
::1 - - [05/Mar/2019:09:23:14 -0700] "GET /js/scripts.js HTTP/1.1" 200 2669
::1 - - [05/Mar/2019:09:23:55 -0700] "GET / HTTP/1.1" 304 -
::1 - - [05/Mar/2019:09:23:55 -0700] "GET /js/scripts.js HTTP/1.1" 200 2562
::1 - - [05/Mar/2019:09:26:39 -0700] "GET / HTTP/1.1" 304 -
::1 - - [05/Mar/2019:09:26:39 -0700] "GET /css/styles.css HTTP/1.1" 304 -
::1 - - [05/Mar/2019:09:26:39 -0700] "GET /js/scripts.js HTTP/1.1" 200 2399
::1 - - [05/Mar/2019:09:26:40 -0700] "GET /tiles.jpg HTTP/1.1" 304 -
::1 - - [05/Mar/2019:09:34:50 -0700] "GET / HTTP/1.1" 304 -
::1 - - [05/Mar/2019:09:34:50 -0700] "GET /css/styles.css HTTP/1.1" 200 100
::1 - - [05/Mar/2019:09:34:50 -0700] "GET /js/scripts.js HTTP/1.1" 200 2718
::1 - - [05/Mar/2019:09:34:50 -0700] "GET /tiles.jpg HTTP/1.1" 304 -
::1 - - [05/Mar/2019:09:39:26 -0700] "GET / HTTP/1.1" 200 852
::1 - - [05/Mar/2019:09:39:26 -0700] "GET /css/styles.css HTTP/1.1" 304 -
::1 - - [05/Mar/2019:09:39:26 -0700] "GET /js/TweenLite.js HTTP/1.1" 200 86628
::1 - - [05/Mar/2019:09:39:26 -0700] "GET /js/scripts.js HTTP/1.1" 304 -
::1 - - [05/Mar/2019:10:00:19 -0700] "GET / HTTP/1.1" 304 -
::1 - - [05/Mar/2019:10:00:19 -0700] "GET /css/styles.css HTTP/1.1" 304 -
::1 - - [05/Mar/2019:10:00:19 -0700] "GET /js/scripts.js HTTP/1.1" 200 2743
::1 - - [05/Mar/2019:10:00:19 -0700] "GET /tiles.jpg HTTP/1.1" 304 -
::1 - - [05/Mar/2019:10:01:23 -0700] "GET / HTTP/1.1" 304 -
::1 - - [05/Mar/2019:10:01:26 -0700] "GET / HTTP/1.1" 304 -
::1 - - [05/Mar/2019:10:01:28 -0700] "GET / HTTP/1.1" 304 -
::1 - - [05/Mar/2019:10:01:29 -0700] "GET / HTTP/1.1" 304 -
::1 - - [05/Mar/2019:10:01:29 -0700] "GET / HTTP/1.1" 304 -
::1 - - [05/Mar/2019:10:01:30 -0700] "GET / HTTP/1.1" 304 -
::1 - - [05/Mar/2019:10:01:30 -0700] "GET / HTTP/1.1" 304 -
::1 - - [05/Mar/2019:10:03:47 -0700] "GET / HTTP/1.1" 304 -
::1 - - [05/Mar/2019:10:03:47 -0700] "GET /css/styles.css HTTP/1.1" 304 -
::1 - - [05/Mar/2019:10:03:47 -0700] "GET /js/scripts.js HTTP/1.1" 200 2759
::1 - - [05/Mar/2019:10:05:54 -0700] "GET / HTTP/1.1" 304 -
::1 - - [05/Mar/2019:10:05:54 -0700] "GET /js/scripts.js HTTP/1.1" 200 2843
::1 - - [05/Mar/2019:10:06:12 -0700] "GET / HTTP/1.1" 304 -
::1 - - [05/Mar/2019:10:06:12 -0700] "GET /js/scripts.js HTTP/1.1" 200 2843
