2019-03-05T14:48:07.941714Z 0 [Warning] TIMESTAMP with implicit DEFAULT value is deprecated. Please use --explicit_defaults_for_timestamp server option (see documentation for more details).
2019-03-05T14:48:07.941714Z 0 [Warning] 'NO_ZERO_DATE', 'NO_ZERO_IN_DATE' and 'ERROR_FOR_DIVISION_BY_ZERO' sql modes should be used with strict mode. They will be merged with strict mode in a future release.
2019-03-05T14:48:07.941714Z 0 [Warning] 'NO_AUTO_CREATE_USER' sql mode was not set.
2019-03-05T14:48:07.942708Z 0 [Warning] Insecure configuration for --secure-file-priv: Current value does not restrict location of generated files. Consider setting it to a valid, non-empty path.
2019-03-05T14:48:07.943705Z 0 [Note] F:\SPRING2019\NMED3720\ex3_v2\NMED3720Exercise3\UwAmp\bin\database\mysql-5.7.11\bin\mysqld.exe (mysqld 5.7.11) starting as process 61956 ...
2019-03-05T14:48:07.964649Z 0 [ERROR] Can't open shared library 'F:\SPRING2019\NMED3720\ex3_v2\NMED3720Exercise3\UwAmp\bin\database\mysql-5.7.11\lib\plugin\keyring_file.dll' (errno: 126 The specified module could not be found.)
2019-03-05T14:48:07.966657Z 0 [ERROR] Couldn't load plugin named 'keyring_file' with soname 'keyring_file.dll'.
2019-03-05T14:48:07.968641Z 0 [Note] InnoDB: Mutexes and rw_locks use Windows interlocked functions
2019-03-05T14:48:07.970633Z 0 [Note] InnoDB: Uses event mutexes
2019-03-05T14:48:07.970633Z 0 [Note] InnoDB: Memory barrier is not used
2019-03-05T14:48:07.971630Z 0 [Note] InnoDB: Compressed tables use zlib 1.2.3
2019-03-05T14:48:07.972627Z 0 [Note] InnoDB: Number of pools: 1
2019-03-05T14:48:07.973626Z 0 [Note] InnoDB: Not using CPU crc32 instructions
2019-03-05T14:48:08.047936Z 0 [Note] InnoDB: Initializing buffer pool, total size = 128M, instances = 1, chunk size = 128M
2019-03-05T14:48:08.059907Z 0 [Note] InnoDB: Completed initialization of buffer pool
2019-03-05T14:48:08.135702Z 0 [Note] InnoDB: Setting log file .\ib_logfile101 size to 48 MB
2019-03-05T14:48:09.283418Z 0 [Note] InnoDB: Setting log file .\ib_logfile1 size to 48 MB
2019-03-05T14:48:10.443334Z 0 [Note] InnoDB: Renaming log file .\ib_logfile101 to .\ib_logfile0
2019-03-05T14:48:10.446324Z 0 [Warning] InnoDB: New log files created, LSN=2602779
2019-03-05T14:48:10.449316Z 0 [Note] InnoDB: Highest supported file format is Barracuda.
2019-03-05T14:48:10.455300Z 0 [Note] InnoDB: Log scan progressed past the checkpoint lsn 2603020
2019-03-05T14:48:10.457296Z 0 [Note] InnoDB: Doing recovery: scanned up to log sequence number 2603029
2019-03-05T14:48:10.462282Z 0 [Note] InnoDB: Doing recovery: scanned up to log sequence number 2603029
2019-03-05T14:48:10.464288Z 0 [Note] InnoDB: Database was not shutdown normally!
2019-03-05T14:48:10.465289Z 0 [Note] InnoDB: Starting crash recovery.
2019-03-05T14:48:10.881574Z 0 [Note] InnoDB: Creating shared tablespace for temporary tables
2019-03-05T14:48:10.883569Z 0 [Note] InnoDB: Setting file '.\ibtmp1' size to 12 MB. Physically writing the file full; Please wait ...
2019-03-05T14:48:11.179978Z 0 [Note] InnoDB: File '.\ibtmp1' size is now 12 MB.
2019-03-05T14:48:11.183968Z 0 [Note] InnoDB: 96 redo rollback segment(s) found. 96 redo rollback segment(s) are active.
2019-03-05T14:48:11.184966Z 0 [Note] InnoDB: 32 non-redo rollback segment(s) are active.
2019-03-05T14:48:11.186962Z 0 [Note] InnoDB: Waiting for purge to start
2019-03-05T14:48:11.239819Z 0 [Note] InnoDB: 5.7.11 started; log sequence number 2603029
2019-03-05T14:48:11.241813Z 0 [Note] InnoDB: Loading buffer pool(s) from F:\SPRING2019\NMED3720\ex3_v2\NMED3720Exercise3\UwAmp\bin\database\mysql-5.7.11\data\ib_buffer_pool
2019-03-05T14:48:11.241813Z 0 [Note] Plugin 'FEDERATED' is disabled.
2019-03-05T14:48:11.269738Z 0 [Warning] Failed to set up SSL because of the following SSL library error: SSL context is not usable without certificate and private key
2019-03-05T14:48:11.275723Z 0 [Note] Server hostname (bind-address): '*'; port: 3306
2019-03-05T14:48:11.277716Z 0 [Note] IPv6 is available.
2019-03-05T14:48:11.278714Z 0 [Note]   - '::' resolves to '::';
2019-03-05T14:48:11.279710Z 0 [Note] Server socket created on IP: '::'.
2019-03-05T14:48:11.323595Z 0 [Note] InnoDB: Buffer pool(s) load completed at 190305  7:48:11
2019-03-05T14:48:11.361493Z 0 [Note] Event Scheduler: Loaded 0 events
2019-03-05T14:48:11.363488Z 0 [Note] F:\SPRING2019\NMED3720\ex3_v2\NMED3720Exercise3\UwAmp\bin\database\mysql-5.7.11\bin\mysqld.exe: ready for connections.
Version: '5.7.11'  socket: ''  port: 3306  MySQL Community Server (GPL)
